<?xml version="1.0" encoding="UTF-8"?>
<testsuite xmlns:xsi="http://www.w3.org/2001/XMLSchema-instance" xsi:noNamespaceSchemaLocation="https://maven.apache.org/surefire/maven-surefire-plugin/xsd/surefire-test-report-3.0.xsd" version="3.0" name="com.example.pulse.model.MarketTickTest" time="0.137" tests="6" errors="0" skipped="0" failures="0">
  <properties>
    <property name="java.specification.version" value="24"/>
    <property name="sun.jnu.encoding" value="UTF-8"/>
    <property name="java.class.path" value="/Users/Felipe/Crypto Market Pulse (Spark)/flink_java_ingest/target/test-classes:/Users/Felipe/Crypto Market Pulse (Spark)/flink_java_ingest/target/classes:/Users/Felipe/.m2/repository/org/apache/flink/flink-streaming-java/1.18.1/flink-streaming-java-1.18.1.jar:/Users/Felipe/.m2/repository/org/apache/flink/flink-core/1.18.1/flink-core-1.18.1.jar:/Users/Felipe/.m2/repository/org/apache/flink/flink-annotations/1.18.1/flink-annotations-1.18.1.jar:/Users/Felipe/.m2/repository/org/apache/flink/flink-metrics-core/1.18.1/flink-metrics-core-1.18.1.jar:/Users/Felipe/.m2/repository/org/apache/flink/flink-shaded-asm-9/9.5-17.0/flink-shaded-asm-9-9.5-17.0.jar:/Users/Felipe/.m2/repository/org/apache/flink/flink-shaded-jackson/2.14.2-17.0/flink-shaded-jackson-2.14.2-17.0.jar:/Users/Felipe/.m2/repository/org/apache/commons/commons-lang3/3.12.0/commons-lang3-3.12.0.jar:/Users/Felipe/.m2/repository/org/apache/commons/commons-text/1.10.0/commons-text-1.10.0.jar:/Users/Felipe/.m2/repository/com/esotericsoftware/kryo/kryo/2.24.0/kryo-2.24.0.jar:/Users/Felipe/.m2/repository/com/esotericsoftware/minlog/minlog/1.2/minlog-1.2.jar:/Users/Felipe/.m2/repository/commons-collections/commons-collections/3.2.2/commons-collections-3.2.2.jar:/Users/Felipe/.m2/repository/org/apache/commons/commons-compress/1.21/commons-compress-1.21.jar:/Users/Felipe/.m2/repository/org/apache/flink/flink-file-sink-common/1.18.1/flink-file-sink-common-1.18.1.jar:/Users/Felipe/.m2/repository/org/apache/flink/flink-runtime/1.18.1/flink-runtime-1.18.1.jar:/Users/Felipe/.m2/repository/org/apache/flink/flink-rpc-core/1.18.1/flink-rpc-core-1.18.1.jar:/Users/Felipe/.m2/repository/org/apache/flink/flink-rpc-akka-loader/1.18.1/flink-rpc-akka-loader-1.18.1.jar:/Users/Felipe/.m2/repository/org/apache/flink/flink-queryable-state-client-java/1.18.1/flink-queryable-state-client-java-1.18.1.jar:/Users/Felipe/.m2/repository/org/apache/flink/flink-hadoop-fs/1.18.1/flink-hadoop-fs-1.18.1.jar:/Users/Felipe/.m2/repository/commons-io/commons-io/2.11.0/commons-io-2.11.0.jar:/Users/Felipe/.m2/repository/org/apache/flink/flink-shaded-netty/4.1.91.Final-17.0/flink-shaded-netty-4.1.91.Final-17.0.jar:/Users/Felipe/.m2/repository/org/apache/flink/flink-shaded-zookeeper-3/3.7.1-17.0/flink-shaded-zookeeper-3-3.7.1-17.0.jar:/Users/Felipe/.m2/repository/commons-cli/commons-cli/1.5.0/commons-cli-1.5.0.jar:/Users/Felipe/.m2/repository/org/javassist/javassist/3.24.0-GA/javassist-3.24.0-GA.jar:/Users/Felipe/.m2/repository/org/xerial/snappy/snappy-java/1.1.10.4/snappy-java-1.1.10.4.jar:/Users/Felipe/.m2/repository/org/lz4/lz4-java/1.8.0/lz4-java-1.8.0.jar:/Users/Felipe/.m2/repository/org/apache/flink/flink-java/1.18.1/flink-java-1.18.1.jar:/Users/Felipe/.m2/repository/com/twitter/chill-java/0.7.6/chill-java-0.7.6.jar:/Users/Felipe/.m2/repository/org/apache/flink/flink-shaded-guava/31.1-jre-17.0/flink-shaded-guava-31.1-jre-17.0.jar:/Users/Felipe/.m2/repository/org/apache/commons/commons-math3/3.6.1/commons-math3-3.6.1.jar:/Users/Felipe/.m2/repository/com/google/code/findbugs/jsr305/1.3.9/jsr305-1.3.9.jar:/Users/Felipe/.m2/repository/org/apache/flink/flink-connector-kafka/3.0.2-1.18/flink-connector-kafka-3.0.2-1.18.jar:/Users/Felipe/.m2/repository/org/apache/kafka/kafka-clients/3.2.3/kafka-clients-3.2.3.jar:/Users/Felipe/.m2/repository/com/github/luben/zstd-jni/1.5.2-1/zstd-jni-1.5.2-1.jar:/Users/Felipe/.m2/repository/com/fasterxml/jackson/datatype/jackson-datatype-jsr310/2.15.2/jackson-datatype-jsr310-2.15.2.jar:/Users/Felipe/.m2/repository/com/fasterxml/jackson/datatype/jackson-datatype-jdk8/2.15.2/jackson-datatype-jdk8-2.15.2.jar:/Users/Felipe/.m2/repository/com/fasterxml/jackson/core/jackson-core/2.15.2/jackson-core-2.15.2.jar:/Users/Felipe/.m2/repository/com/fasterxml/jackson/core/jackson-databind/2.15.2/jackson-databind-2.15.2.jar:/Users/Felipe/.m2/repository/com/fasterxml/jackson/core/jackson-annotations/2.15.2/jackson-annotations-2.15.2.jar:/Users/Felipe/.m2/repository/org/apache/httpcomponents/client5/httpclient5/5.2.1/httpclient5-5.2.1.jar:/Users/Felipe/.m2/repository/org/apache/httpcomponents/core5/httpcore5/5.2/httpcore5-5.2.jar:/Users/Felipe/.m2/repository/org/apache/httpcomponents/core5/httpcore5-h2/5.2/httpcore5-h2-5.2.jar:/Users/Felipe/.m2/repository/org/slf4j/slf4j-api/1.7.36/slf4j-api-1.7.36.jar:/Users/Felipe/.m2/repository/org/apache/logging/log4j/log4j-slf4j-impl/2.21.1/log4j-slf4j-impl-2.21.1.jar:/Users/Felipe/.m2/repository/org/apache/logging/log4j/log4j-api/2.21.1/log4j-api-2.21.1.jar:/Users/Felipe/.m2/repository/org/apache/logging/log4j/log4j-core/2.21.1/log4j-core-2.21.1.jar:/Users/Felipe/.m2/repository/org/junit/jupiter/junit-jupiter/5.10.0/junit-jupiter-5.10.0.jar:/Users/Felipe/.m2/repository/org/junit/jupiter/junit-jupiter-api/5.10.0/junit-jupiter-api-5.10.0.jar:/Users/Felipe/.m2/repository/org/opentest4j/opentest4j/1.3.0/opentest4j-1.3.0.jar:/Users/Felipe/.m2/repository/org/junit/platform/junit-platform-commons/1.10.0/junit-platform-commons-1.10.0.jar:/Users/Felipe/.m2/repository/org/apiguardian/apiguardian-api/1.1.2/apiguardian-api-1.1.2.jar:/Users/Felipe/.m2/repository/org/junit/jupiter/junit-jupiter-params/5.10.0/junit-jupiter-params-5.10.0.jar:/Users/Felipe/.m2/repository/org/junit/jupiter/junit-jupiter-engine/5.10.0/junit-jupiter-engine-5.10.0.jar:/Users/Felipe/.m2/repository/org/junit/platform/junit-platform-engine/1.10.0/junit-platform-engine-1.10.0.jar:/Users/Felipe/.m2/repository/org/mockito/mockito-core/5.5.0/mockito-core-5.5.0.jar:/Users/Felipe/.m2/repository/net/bytebuddy/byte-buddy/1.14.6/byte-buddy-1.14.6.jar:/Users/Felipe/.m2/repository/net/bytebuddy/byte-buddy-agent/1.14.6/byte-buddy-agent-1.14.6.jar:/Users/Felipe/.m2/repository/org/objenesis/objenesis/3.3/objenesis-3.3.jar:/Users/Felipe/.m2/repository/org/mockito/mockito-junit-jupiter/5.5.0/mockito-junit-jupiter-5.5.0.jar:/Users/Felipe/.m2/repository/org/assertj/assertj-core/3.24.2/assertj-core-3.24.2.jar:/Users/Felipe/.m2/repository/org/apache/flink/flink-test-utils/1.18.1/flink-test-utils-1.18.1.jar:/Users/Felipe/.m2/repository/org/apache/flink/flink-table-common/1.18.1/flink-table-common-1.18.1.jar:/Users/Felipe/.m2/repository/com/ibm/icu/icu4j/67.1/icu4j-67.1.jar:/Users/Felipe/.m2/repository/org/apache/flink/flink-test-utils-junit/1.18.1/flink-test-utils-junit-1.18.1.jar:/Users/Felipe/.m2/repository/org/junit/vintage/junit-vintage-engine/5.9.1/junit-vintage-engine-5.9.1.jar:/Users/Felipe/.m2/repository/org/apache/flink/flink-runtime/1.18.1/flink-runtime-1.18.1-tests.jar:/Users/Felipe/.m2/repository/org/apache/flink/flink-core/1.18.1/flink-core-1.18.1-tests.jar:/Users/Felipe/.m2/repository/org/apache/flink/flink-rpc-akka-loader/1.18.1/flink-rpc-akka-loader-1.18.1-tests.jar:/Users/Felipe/.m2/repository/org/apache/flink/flink-clients/1.18.1/flink-clients-1.18.1.jar:/Users/Felipe/.m2/repository/org/apache/flink/flink-optimizer/1.18.1/flink-optimizer-1.18.1.jar:/Users/Felipe/.m2/repository/org/apache/flink/flink-streaming-java/1.18.1/flink-streaming-java-1.18.1-tests.jar:/Users/Felipe/.m2/repository/org/apache/flink/flink-statebackend-rocksdb/1.18.1/flink-statebackend-rocksdb-1.18.1.jar:/Users/Felipe/.m2/repository/com/ververica/frocksdbjni/6.20.3-ververica-2.0/frocksdbjni-6.20.3-ververica-2.0.jar:/Users/Felipe/.m2/repository/org/apache/flink/flink-statebackend-changelog/1.18.1/flink-statebackend-changelog-1.18.1.jar:/Users/Felipe/.m2/repository/org/apache/flink/flink-statebackend-common/1.18.1/flink-statebackend-common-1.18.1.jar:/Users/Felipe/.m2/repository/org/apache/flink/flink-dstl-dfs/1.18.1/flink-dstl-dfs-1.18.1.jar:/Users/Felipe/.m2/repository/org/testcontainers/junit-jupiter/1.19.0/junit-jupiter-1.19.0.jar:/Users/Felipe/.m2/repository/org/testcontainers/testcontainers/1.19.0/testcontainers-1.19.0.jar:/Users/Felipe/.m2/repository/junit/junit/4.13.2/junit-4.13.2.jar:/Users/Felipe/.m2/repository/org/hamcrest/hamcrest-core/1.3/hamcrest-core-1.3.jar:/Users/Felipe/.m2/repository/org/rnorth/duct-tape/duct-tape/1.0.8/duct-tape-1.0.8.jar:/Users/Felipe/.m2/repository/org/jetbrains/annotations/17.0.0/annotations-17.0.0.jar:/Users/Felipe/.m2/repository/com/github/docker-java/docker-java-api/3.3.3/docker-java-api-3.3.3.jar:/Users/Felipe/.m2/repository/com/github/docker-java/docker-java-transport-zerodep/3.3.3/docker-java-transport-zerodep-3.3.3.jar:/Users/Felipe/.m2/repository/com/github/docker-java/docker-java-transport/3.3.3/docker-java-transport-3.3.3.jar:/Users/Felipe/.m2/repository/net/java/dev/jna/jna/5.12.1/jna-5.12.1.jar:/Users/Felipe/.m2/repository/org/testcontainers/kafka/1.19.0/kafka-1.19.0.jar:"/>
    <property name="java.vm.vendor" value="Homebrew"/>
    <property name="sun.arch.data.model" value="64"/>
    <property name="java.vendor.url" value="https://github.com/Homebrew/homebrew-core/issues"/>
    <property name="user.timezone" value="Asia/Dubai"/>
    <property name="os.name" value="Mac OS X"/>
    <property name="java.vm.specification.version" value="24"/>
    <property name="sun.java.launcher" value="SUN_STANDARD"/>
    <property name="user.country" value="US"/>
    <property name="sun.boot.library.path" value="/opt/homebrew/Cellar/openjdk/24.0.2/libexec/openjdk.jdk/Contents/Home/lib"/>
    <property name="sun.java.command" value="/Users/Felipe/Crypto Market Pulse (Spark)/flink_java_ingest/target/surefire/surefirebooter-20250905161930206_3.jar /Users/Felipe/Crypto Market Pulse (Spark)/flink_java_ingest/target/surefire 2025-09-05T16-19-30_167-jvmRun1 surefire-20250905161930206_1tmp surefire_0-20250905161930206_2tmp"/>
    <property name="jdk.debug" value="release"/>
    <property name="surefire.test.class.path" value="/Users/Felipe/Crypto Market Pulse (Spark)/flink_java_ingest/target/test-classes:/Users/Felipe/Crypto Market Pulse (Spark)/flink_java_ingest/target/classes:/Users/Felipe/.m2/repository/org/apache/flink/flink-streaming-java/1.18.1/flink-streaming-java-1.18.1.jar:/Users/Felipe/.m2/repository/org/apache/flink/flink-core/1.18.1/flink-core-1.18.1.jar:/Users/Felipe/.m2/repository/org/apache/flink/flink-annotations/1.18.1/flink-annotations-1.18.1.jar:/Users/Felipe/.m2/repository/org/apache/flink/flink-metrics-core/1.18.1/flink-metrics-core-1.18.1.jar:/Users/Felipe/.m2/repository/org/apache/flink/flink-shaded-asm-9/9.5-17.0/flink-shaded-asm-9-9.5-17.0.jar:/Users/Felipe/.m2/repository/org/apache/flink/flink-shaded-jackson/2.14.2-17.0/flink-shaded-jackson-2.14.2-17.0.jar:/Users/Felipe/.m2/repository/org/apache/commons/commons-lang3/3.12.0/commons-lang3-3.12.0.jar:/Users/Felipe/.m2/repository/org/apache/commons/commons-text/1.10.0/commons-text-1.10.0.jar:/Users/Felipe/.m2/repository/com/esotericsoftware/kryo/kryo/2.24.0/kryo-2.24.0.jar:/Users/Felipe/.m2/repository/com/esotericsoftware/minlog/minlog/1.2/minlog-1.2.jar:/Users/Felipe/.m2/repository/commons-collections/commons-collections/3.2.2/commons-collections-3.2.2.jar:/Users/Felipe/.m2/repository/org/apache/commons/commons-compress/1.21/commons-compress-1.21.jar:/Users/Felipe/.m2/repository/org/apache/flink/flink-file-sink-common/1.18.1/flink-file-sink-common-1.18.1.jar:/Users/Felipe/.m2/repository/org/apache/flink/flink-runtime/1.18.1/flink-runtime-1.18.1.jar:/Users/Felipe/.m2/repository/org/apache/flink/flink-rpc-core/1.18.1/flink-rpc-core-1.18.1.jar:/Users/Felipe/.m2/repository/org/apache/flink/flink-rpc-akka-loader/1.18.1/flink-rpc-akka-loader-1.18.1.jar:/Users/Felipe/.m2/repository/org/apache/flink/flink-queryable-state-client-java/1.18.1/flink-queryable-state-client-java-1.18.1.jar:/Users/Felipe/.m2/repository/org/apache/flink/flink-hadoop-fs/1.18.1/flink-hadoop-fs-1.18.1.jar:/Users/Felipe/.m2/repository/commons-io/commons-io/2.11.0/commons-io-2.11.0.jar:/Users/Felipe/.m2/repository/org/apache/flink/flink-shaded-netty/4.1.91.Final-17.0/flink-shaded-netty-4.1.91.Final-17.0.jar:/Users/Felipe/.m2/repository/org/apache/flink/flink-shaded-zookeeper-3/3.7.1-17.0/flink-shaded-zookeeper-3-3.7.1-17.0.jar:/Users/Felipe/.m2/repository/commons-cli/commons-cli/1.5.0/commons-cli-1.5.0.jar:/Users/Felipe/.m2/repository/org/javassist/javassist/3.24.0-GA/javassist-3.24.0-GA.jar:/Users/Felipe/.m2/repository/org/xerial/snappy/snappy-java/1.1.10.4/snappy-java-1.1.10.4.jar:/Users/Felipe/.m2/repository/org/lz4/lz4-java/1.8.0/lz4-java-1.8.0.jar:/Users/Felipe/.m2/repository/org/apache/flink/flink-java/1.18.1/flink-java-1.18.1.jar:/Users/Felipe/.m2/repository/com/twitter/chill-java/0.7.6/chill-java-0.7.6.jar:/Users/Felipe/.m2/repository/org/apache/flink/flink-shaded-guava/31.1-jre-17.0/flink-shaded-guava-31.1-jre-17.0.jar:/Users/Felipe/.m2/repository/org/apache/commons/commons-math3/3.6.1/commons-math3-3.6.1.jar:/Users/Felipe/.m2/repository/com/google/code/findbugs/jsr305/1.3.9/jsr305-1.3.9.jar:/Users/Felipe/.m2/repository/org/apache/flink/flink-connector-kafka/3.0.2-1.18/flink-connector-kafka-3.0.2-1.18.jar:/Users/Felipe/.m2/repository/org/apache/kafka/kafka-clients/3.2.3/kafka-clients-3.2.3.jar:/Users/Felipe/.m2/repository/com/github/luben/zstd-jni/1.5.2-1/zstd-jni-1.5.2-1.jar:/Users/Felipe/.m2/repository/com/fasterxml/jackson/datatype/jackson-datatype-jsr310/2.15.2/jackson-datatype-jsr310-2.15.2.jar:/Users/Felipe/.m2/repository/com/fasterxml/jackson/datatype/jackson-datatype-jdk8/2.15.2/jackson-datatype-jdk8-2.15.2.jar:/Users/Felipe/.m2/repository/com/fasterxml/jackson/core/jackson-core/2.15.2/jackson-core-2.15.2.jar:/Users/Felipe/.m2/repository/com/fasterxml/jackson/core/jackson-databind/2.15.2/jackson-databind-2.15.2.jar:/Users/Felipe/.m2/repository/com/fasterxml/jackson/core/jackson-annotations/2.15.2/jackson-annotations-2.15.2.jar:/Users/Felipe/.m2/repository/org/apache/httpcomponents/client5/httpclient5/5.2.1/httpclient5-5.2.1.jar:/Users/Felipe/.m2/repository/org/apache/httpcomponents/core5/httpcore5/5.2/httpcore5-5.2.jar:/Users/Felipe/.m2/repository/org/apache/httpcomponents/core5/httpcore5-h2/5.2/httpcore5-h2-5.2.jar:/Users/Felipe/.m2/repository/org/slf4j/slf4j-api/1.7.36/slf4j-api-1.7.36.jar:/Users/Felipe/.m2/repository/org/apache/logging/log4j/log4j-slf4j-impl/2.21.1/log4j-slf4j-impl-2.21.1.jar:/Users/Felipe/.m2/repository/org/apache/logging/log4j/log4j-api/2.21.1/log4j-api-2.21.1.jar:/Users/Felipe/.m2/repository/org/apache/logging/log4j/log4j-core/2.21.1/log4j-core-2.21.1.jar:/Users/Felipe/.m2/repository/org/junit/jupiter/junit-jupiter/5.10.0/junit-jupiter-5.10.0.jar:/Users/Felipe/.m2/repository/org/junit/jupiter/junit-jupiter-api/5.10.0/junit-jupiter-api-5.10.0.jar:/Users/Felipe/.m2/repository/org/opentest4j/opentest4j/1.3.0/opentest4j-1.3.0.jar:/Users/Felipe/.m2/repository/org/junit/platform/junit-platform-commons/1.10.0/junit-platform-commons-1.10.0.jar:/Users/Felipe/.m2/repository/org/apiguardian/apiguardian-api/1.1.2/apiguardian-api-1.1.2.jar:/Users/Felipe/.m2/repository/org/junit/jupiter/junit-jupiter-params/5.10.0/junit-jupiter-params-5.10.0.jar:/Users/Felipe/.m2/repository/org/junit/jupiter/junit-jupiter-engine/5.10.0/junit-jupiter-engine-5.10.0.jar:/Users/Felipe/.m2/repository/org/junit/platform/junit-platform-engine/1.10.0/junit-platform-engine-1.10.0.jar:/Users/Felipe/.m2/repository/org/mockito/mockito-core/5.5.0/mockito-core-5.5.0.jar:/Users/Felipe/.m2/repository/net/bytebuddy/byte-buddy/1.14.6/byte-buddy-1.14.6.jar:/Users/Felipe/.m2/repository/net/bytebuddy/byte-buddy-agent/1.14.6/byte-buddy-agent-1.14.6.jar:/Users/Felipe/.m2/repository/org/objenesis/objenesis/3.3/objenesis-3.3.jar:/Users/Felipe/.m2/repository/org/mockito/mockito-junit-jupiter/5.5.0/mockito-junit-jupiter-5.5.0.jar:/Users/Felipe/.m2/repository/org/assertj/assertj-core/3.24.2/assertj-core-3.24.2.jar:/Users/Felipe/.m2/repository/org/apache/flink/flink-test-utils/1.18.1/flink-test-utils-1.18.1.jar:/Users/Felipe/.m2/repository/org/apache/flink/flink-table-common/1.18.1/flink-table-common-1.18.1.jar:/Users/Felipe/.m2/repository/com/ibm/icu/icu4j/67.1/icu4j-67.1.jar:/Users/Felipe/.m2/repository/org/apache/flink/flink-test-utils-junit/1.18.1/flink-test-utils-junit-1.18.1.jar:/Users/Felipe/.m2/repository/org/junit/vintage/junit-vintage-engine/5.9.1/junit-vintage-engine-5.9.1.jar:/Users/Felipe/.m2/repository/org/apache/flink/flink-runtime/1.18.1/flink-runtime-1.18.1-tests.jar:/Users/Felipe/.m2/repository/org/apache/flink/flink-core/1.18.1/flink-core-1.18.1-tests.jar:/Users/Felipe/.m2/repository/org/apache/flink/flink-rpc-akka-loader/1.18.1/flink-rpc-akka-loader-1.18.1-tests.jar:/Users/Felipe/.m2/repository/org/apache/flink/flink-clients/1.18.1/flink-clients-1.18.1.jar:/Users/Felipe/.m2/repository/org/apache/flink/flink-optimizer/1.18.1/flink-optimizer-1.18.1.jar:/Users/Felipe/.m2/repository/org/apache/flink/flink-streaming-java/1.18.1/flink-streaming-java-1.18.1-tests.jar:/Users/Felipe/.m2/repository/org/apache/flink/flink-statebackend-rocksdb/1.18.1/flink-statebackend-rocksdb-1.18.1.jar:/Users/Felipe/.m2/repository/com/ververica/frocksdbjni/6.20.3-ververica-2.0/frocksdbjni-6.20.3-ververica-2.0.jar:/Users/Felipe/.m2/repository/org/apache/flink/flink-statebackend-changelog/1.18.1/flink-statebackend-changelog-1.18.1.jar:/Users/Felipe/.m2/repository/org/apache/flink/flink-statebackend-common/1.18.1/flink-statebackend-common-1.18.1.jar:/Users/Felipe/.m2/repository/org/apache/flink/flink-dstl-dfs/1.18.1/flink-dstl-dfs-1.18.1.jar:/Users/Felipe/.m2/repository/org/testcontainers/junit-jupiter/1.19.0/junit-jupiter-1.19.0.jar:/Users/Felipe/.m2/repository/org/testcontainers/testcontainers/1.19.0/testcontainers-1.19.0.jar:/Users/Felipe/.m2/repository/junit/junit/4.13.2/junit-4.13.2.jar:/Users/Felipe/.m2/repository/org/hamcrest/hamcrest-core/1.3/hamcrest-core-1.3.jar:/Users/Felipe/.m2/repository/org/rnorth/duct-tape/duct-tape/1.0.8/duct-tape-1.0.8.jar:/Users/Felipe/.m2/repository/org/jetbrains/annotations/17.0.0/annotations-17.0.0.jar:/Users/Felipe/.m2/repository/com/github/docker-java/docker-java-api/3.3.3/docker-java-api-3.3.3.jar:/Users/Felipe/.m2/repository/com/github/docker-java/docker-java-transport-zerodep/3.3.3/docker-java-transport-zerodep-3.3.3.jar:/Users/Felipe/.m2/repository/com/github/docker-java/docker-java-transport/3.3.3/docker-java-transport-3.3.3.jar:/Users/Felipe/.m2/repository/net/java/dev/jna/jna/5.12.1/jna-5.12.1.jar:/Users/Felipe/.m2/repository/org/testcontainers/kafka/1.19.0/kafka-1.19.0.jar:"/>
    <property name="sun.cpu.endian" value="little"/>
    <property name="user.home" value="/Users/Felipe"/>
    <property name="user.language" value="en"/>
    <property name="java.specification.vendor" value="Oracle Corporation"/>
    <property name="java.version.date" value="2025-07-15"/>
    <property name="java.home" value="/opt/homebrew/Cellar/openjdk/24.0.2/libexec/openjdk.jdk/Contents/Home"/>
    <property name="file.separator" value="/"/>
    <property name="basedir" value="/Users/Felipe/Crypto Market Pulse (Spark)/flink_java_ingest"/>
    <property name="java.vm.compressedOopsMode" value="Non-zero based"/>
    <property name="line.separator" value="&#10;"/>
    <property name="java.vm.specification.vendor" value="Oracle Corporation"/>
    <property name="java.specification.name" value="Java Platform API Specification"/>
    <property name="apple.awt.application.name" value="ForkedBooter"/>
    <property name="surefire.real.class.path" value="/Users/Felipe/Crypto Market Pulse (Spark)/flink_java_ingest/target/surefire/surefirebooter-20250905161930206_3.jar"/>
    <property name="sun.management.compiler" value="HotSpot 64-Bit Tiered Compilers"/>
    <property name="java.runtime.version" value="24.0.2"/>
    <property name="user.name" value="Felipe"/>
    <property name="stdout.encoding" value="UTF-8"/>
    <property name="path.separator" value=":"/>
    <property name="os.version" value="15.6.1"/>
    <property name="java.runtime.name" value="OpenJDK Runtime Environment"/>
    <property name="file.encoding" value="UTF-8"/>
    <property name="java.vm.name" value="OpenJDK 64-Bit Server VM"/>
    <property name="java.vendor.version" value="Homebrew"/>
    <property name="localRepository" value="/Users/Felipe/.m2/repository"/>
    <property name="java.vendor.url.bug" value="https://github.com/Homebrew/homebrew-core/issues"/>
    <property name="java.io.tmpdir" value="/var/folders/yd/yh194h3j4258jn31p570syxw0000gp/T/"/>
    <property name="java.version" value="24.0.2"/>
    <property name="user.dir" value="/Users/Felipe/Crypto Market Pulse (Spark)/flink_java_ingest"/>
    <property name="os.arch" value="aarch64"/>
    <property name="java.vm.specification.name" value="Java Virtual Machine Specification"/>
    <property name="native.encoding" value="UTF-8"/>
    <property name="java.library.path" value="/Users/Felipe/Library/Java/Extensions:/Library/Java/Extensions:/Network/Library/Java/Extensions:/System/Library/Java/Extensions:/usr/lib/java:."/>
    <property name="java.vm.info" value="mixed mode, sharing"/>
    <property name="stderr.encoding" value="UTF-8"/>
    <property name="java.vendor" value="Homebrew"/>
    <property name="java.vm.version" value="24.0.2"/>
    <property name="sun.io.unicode.encoding" value="UnicodeBig"/>
    <property name="java.class.version" value="68.0"/>
  </properties>
  <testcase name="shouldDeserializeJsonToMarketTick" classname="com.example.pulse.model.MarketTickTest" time="0.101"/>
  <testcase name="shouldSerializeMarketTickToJson" classname="com.example.pulse.model.MarketTickTest" time="0.012"/>
  <testcase name="shouldHandleEdgeCasesAndDataTypeBoundaries" classname="com.example.pulse.model.MarketTickTest" time="0.003"/>
  <testcase name="shouldSetIngestionTimestampOnCreation" classname="com.example.pulse.model.MarketTickTest" time="0.002"/>
  <testcase name="shouldHandleMissingJsonFields" classname="com.example.pulse.model.MarketTickTest" time="0.002"/>
  <testcase name="shouldMaintainDataIntegrityInRoundTrip" classname="com.example.pulse.model.MarketTickTest" time="0.005"/>
</testsuite>